<?xml version="1.0" encoding="UTF-8"?>
<!-- Generated by org.testng.reporters.JUnitReportReporter -->
<testsuite hostname="Arjun" failures="0" tests="4" name="Demosuite.TestDemo" time="0.013" errors="0" timestamp="20 May 2018 09:19:56 GMT" skipped="0">
  <testcase classname="Demosuite.TestDemo" name="test4" time="0.000"/>
  <testcase classname="Demosuite.TestDemo" name="test2" time="0.001"/>
  <testcase classname="Demosuite.TestDemo" name="test1" time="0.011"/>
  <testcase classname="Demosuite.TestDemo" name="test3" time="0.001"/>
</testsuite> <!-- Demosuite.TestDemo -->
