<?xml version="1.0" encoding="UTF-8"?>
<!-- Generated by org.testng.reporters.JUnitReportReporter -->
<testsuite hostname="Arjun" failures="0" tests="3" name="Demosuite.TestDemo" time="0.009" errors="0" timestamp="18 May 2018 11:36:51 GMT" skipped="0">
  <testcase classname="Demosuite.TestDemo" name="test1" time="0.007"/>
  <testcase classname="Demosuite.TestDemo" name="test3" time="0.001"/>
  <testcase classname="Demosuite.TestDemo" name="test2" time="0.001"/>
</testsuite> <!-- Demosuite.TestDemo -->
